[2018-05-08T16:12:00.657] [INFO] cheese - USUARIO REGISTRADO LOGIN U: [cool3000bo@gmail.com] S: [SUCCESS]
[2018-05-08T16:13:06.224] [INFO] user - USUARIO REGISTRADO LOGIN U: [cool3000bo@gmail.com] S: [SUCCESS]
[2018-05-08T16:14:10.579] [INFO] user - USUARIO REGISTRADO LOGIN U: [cool3000bo@gmail.com] S: [SUCCESS]
[2018-05-08T16:14:15.542] [INFO] user - USUARIO REGISTRADO LOGIN U: [cool3000bo@gmail.com] S: [SUCCESS]
[2018-05-08T16:14:17.491] [INFO] user - USUARIO REGISTRADO LOGIN U: [cool3000bo@gmail.com] S: [SUCCESS]
[2018-05-08T16:14:18.562] [INFO] user - USUARIO REGISTRADO LOGIN U: [cool3000bo@gmail.com] S: [SUCCESS]
[2018-05-08T16:14:19.567] [INFO] user - USUARIO REGISTRADO LOGIN U: [cool3000bo@gmail.com] S: [SUCCESS]
[2018-05-08T16:15:06.572] [INFO] user - USUARIO REGISTRADO LOGIN U: [cool3000bo@gmail.com] S: [SUCCESS]
[2018-05-08T16:15:08.701] [INFO] user - USUARIO REGISTRADO LOGIN U: [cool3000bo@gmail.com] S: [SUCCESS]
[2018-05-08T16:52:05.177] [INFO] user - USUARIO & PASSWORD INCORRECTO LOGIN U: [cool3000bo@gmail.com] S: [ERROR]
[2018-05-08T16:55:04.894] [INFO] user - USUARIO & PASSWORD INCORRECTO LOGIN U: [cool3000bo@gmail.com] S: [ERROR]
[2018-05-08T16:57:37.442] [INFO] user - USUARIO REGISTRADO LOGIN U: [cool3000bo@gmail.com] S: [SUCCESS]
[2018-05-08T17:09:29.679] [INFO] user - EMAIL INCORRECTO LOGIN U: [undefined] S: [ERROR]
[2018-05-08T17:10:20.032] [INFO] user - USUARIO & PASSWORD INCORRECTO LOGIN U: [cool3000bo@gmail.com] S: [ERROR]
[2018-05-08T17:10:28.261] [INFO] user - USUARIO REGISTRADO LOGIN U: [cool3000bo@gmail.com] S: [SUCCESS]
[2018-05-08T19:17:05.294] [INFO] user - USUARIO REGISTRADO LOGIN U: [cool3000bo@gmail.com] S: [SUCCESS]
[2018-05-08T22:39:14.286] [INFO] user - USUARIO REGISTRADO LOGIN U: [cool3000bo@gmail.com] S: [SUCCESS]
[2018-05-09T13:42:15.474] [INFO] user - USUARIO REGISTRADO LOGIN U: [cool3000bo@gmail.com] S: [SUCCESS]
[2018-05-09T13:44:38.666] [INFO] user - USUARIO REGISTRADO LOGIN U: [cool3000bo@gmail.com] S: [SUCCESS]
[2018-05-09T14:25:21.852] [INFO] user - USUARIO CREADO EXITOSAMENTE U: [rosaf_80@gmail.com] S: [SUCCESS]
[2018-05-09T14:31:43.437] [INFO] user - TOKEN INVALIDO! LOGIN U: [anabel2007@gmail.com] S: [SUCCESS]
[2018-05-09T19:29:36.974] [INFO] user - TOKEN INVALIDO! LOGIN U: [undefined] S: [ERROR]
[2018-05-09T19:30:52.777] [INFO] user - TOKEN INVALIDO! LOGIN U: [cool3000bo@gmail.com] S: [ERROR]
[2018-05-09T19:31:15.204] [INFO] user - TOKEN INVALIDO! LOGIN U: [cool3000bo@gmail.com] S: [ERROR]
[2018-05-09T19:32:47.742] [INFO] user - USUARIO REGISTRADO LOGIN U: [cool3000bo@gmail.com] S: [SUCCESS]
[2018-05-09T21:50:09.695] [INFO] user - TOKEN INVALIDO! LOGIN U: [franco.o@gmail.com] S: [ERROR]
[2018-05-09T21:50:20.274] [INFO] user - USUARIO REGISTRADO LOGIN U: [cool3000bo@gmail.com] S: [SUCCESS]
[2018-05-10T01:23:59.791] [INFO] user - USUARIO REGISTRADO LOGIN U: [cool3000bo@gmail.com] S: [SUCCESS]
[2018-05-10T01:49:53.249] [INFO] user - USUARIO REGISTRADO LOGIN U: [coronel.cabrera.i@gmail.com] S: [SUCCESS]
[2018-05-10T01:55:34.626] [INFO] user - USUARIO REGISTRADO LOGIN U: [coronel.cabrera.i@gmail.com] S: [SUCCESS]
[2018-05-10T02:29:24.135] [INFO] user - USUARIO REGISTRADO LOGIN U: [cool3000bo@gmail.com] S: [SUCCESS]
[2018-05-10T02:31:32.761] [INFO] user - USUARIO REGISTRADO LOGIN U: [coronel.cabrera.i@gmail.com] S: [SUCCESS]
[2018-05-10T02:33:24.291] [INFO] user - USUARIO REGISTRADO LOGIN U: [cool3000bo@gmail.com] S: [SUCCESS]
[2018-05-10T02:55:22.743] [INFO] user - USUARIO REGISTRADO LOGIN U: [cool3000bo@gmail.com] S: [SUCCESS]
[2018-05-10T03:51:24.518] [INFO] user - TOKEN INVALIDO! LOGIN U: [franco.o@gmail.com] S: [ERROR]
[2018-05-10T03:52:04.319] [INFO] user - SE OBTIENE REGISTROS DE USUARIOS CORRECTAMENTE: LOGIN U: [cool3000bo@gmail.com][SUCCESS]
[2018-05-10T04:07:19.365] [INFO] user - SE OBTIENE REGISTROS DE USUARIOS CORRECTAMENTE: LOGIN U: [cool3000bo@gmail.com][SUCCESS]
[2018-05-10T14:56:59.202] [INFO] user - REGISTRO ELIMINADO CORRECTAMENTE: LOGIN U: [cool3000bo@gmail.com][SUCCESS]
[2018-05-10T15:09:54.527] [INFO] user - REGISTRO ELIMINADO CORRECTAMENTE: LOGIN U: [cool3000bo@gmail.com][SUCCESS]
[2018-05-10T15:13:00.257] [INFO] user - REGISTRO ELIMINADO CORRECTAMENTE: LOGIN U: [cool3000bo@gmail.com][SUCCESS]
[2018-05-10T15:17:21.888] [INFO] user - REGISTRO ELIMINADO CORRECTAMENTE: LOGIN U: [cool3000bo@gmail.com][SUCCESS]
[2018-05-10T15:43:28.649] [INFO] user - SE OBTIENE REGISTROS DE USUARIOS CORRECTAMENTE: LOGIN U: [cool3000bo@gmail.com][SUCCESS]
[2018-05-10T15:44:31.375] [INFO] user - SE OBTIENE REGISTROS DE USUARIOS CORRECTAMENTE: LOGIN U: [cool3000bo@gmail.com][SUCCESS]
[2018-05-10T15:45:49.395] [INFO] user - SE OBTIENE REGISTROS DE USUARIOS CORRECTAMENTE: LOGIN U: [cool3000bo@gmail.com][SUCCESS]
[2018-05-10T15:46:50.029] [INFO] user - SE OBTIENE REGISTROS DE USUARIOS CORRECTAMENTE: LOGIN U: [cool3000bo@gmail.com][SUCCESS]
[2018-05-10T15:47:30.398] [INFO] user - SE OBTIENE REGISTROS DE USUARIOS CORRECTAMENTE: LOGIN U: [cool3000bo@gmail.com][SUCCESS]
[2018-05-10T15:51:21.130] [INFO] user - SE OBTIENE REGISTROS DE USUARIOS CORRECTAMENTE: LOGIN U: [cool3000bo@gmail.com][SUCCESS]
[2018-05-10T15:53:03.104] [INFO] user - SE OBTIENE REGISTROS DE USUARIOS CORRECTAMENTE: LOGIN U: [cool3000bo@gmail.com][SUCCESS]
[2018-05-10T15:54:04.318] [INFO] user - SE OBTIENE REGISTROS DE USUARIOS CORRECTAMENTE: LOGIN U: [cool3000bo@gmail.com][SUCCESS]
[2018-05-10T15:56:34.370] [INFO] user - SE OBTIENE REGISTROS DE USUARIOS CORRECTAMENTE: LOGIN U: [cool3000bo@gmail.com][SUCCESS]
[2018-05-10T16:01:04.396] [INFO] user - REGISTRO ELIMINADO CORRECTAMENTE: LOGIN U: [cool3000bo@gmail.com][SUCCESS]
[2018-05-10T16:05:28.465] [INFO] user - REGISTRO ELIMINADO CORRECTAMENTE: LOGIN U: [cool3000bo@gmail.com][SUCCESS]
[2018-05-10T16:31:35.387] [INFO] user - REGISTRO ELIMINADO CORRECTAMENTE: LOGIN U: [cool3000bo@gmail.com][SUCCESS]
