[2018-05-10T01:28:19.859] [INFO] idea - ERROR AL CREAR EL USUARIO U: [cool3000bo@gmail.com] S: [ERROR]
[2018-05-10T01:30:18.168] [INFO] idea - ERROR AL CREAR LA IDEA U: [cool3000bo@gmail.com] S: [ERROR]
[2018-05-10T01:30:46.911] [INFO] idea - ERROR AL CREAR LA IDEA U: [cool3000bo@gmail.com] S: [ERROR]
[2018-05-10T01:32:06.602] [INFO] idea - Idea REGISTRADA EXITOSAMENTE U: [cool3000bo@gmail.com] S: [SUCCESS]
[2018-05-10T01:48:28.326] [INFO] idea - ERROR AL CREAR LA IDEA EL USUARIO YA REGISTRO U: [cool3000bo@gmail.com] S: [ERROR]
[2018-05-10T01:56:17.272] [INFO] idea - ERROR AL CREAR LA IDEA EL USUARIO YA REGISTRO U: [coronel.cabrera.i@gmail.com] S: [ERROR]
[2018-05-10T01:56:49.205] [INFO] idea - ERROR AL CREAR LA IDEA EL USUARIO YA REGISTRO U: [coronel.cabrera.i@gmail.com] S: [ERROR]
[2018-05-10T01:56:56.260] [INFO] idea - ERROR AL CREAR LA IDEA EL USUARIO YA REGISTRO U: [coronel.cabrera.i@gmail.com] S: [ERROR]
[2018-05-10T01:57:53.975] [INFO] idea - ERROR AL CREAR LA IDEA EL USUARIO YA REGISTRO U: [coronel.cabrera.i@gmail.com] S: [ERROR]
[2018-05-10T01:59:15.172] [INFO] idea - ERROR AL CREAR LA IDEA EL USUARIO YA REGISTRO U: [coronel.cabrera.i@gmail.com] S: [ERROR]
[2018-05-10T01:59:19.249] [INFO] idea - ERROR AL CREAR LA IDEA EL USUARIO YA REGISTRO U: [coronel.cabrera.i@gmail.com] S: [ERROR]
[2018-05-10T02:03:12.844] [INFO] idea - ERROR AL CREAR LA IDEA EL USUARIO YA REGISTRO U: [coronel.cabrera.i@gmail.com] S: [ERROR]
[2018-05-10T02:04:00.911] [INFO] idea - ERROR AL CREAR LA IDEA EL USUARIO YA REGISTRO U: [coronel.cabrera.i@gmail.com] S: [ERROR]
[2018-05-10T02:04:35.970] [INFO] idea - ERROR AL CREAR LA IDEA EL USUARIO YA REGISTRO U: [coronel.cabrera.i@gmail.com] S: [ERROR]
[2018-05-10T02:07:28.528] [INFO] idea - ERROR AL CREAR LA IDEA EL USUARIO YA REGISTRO U: [coronel.cabrera.i@gmail.com] S: [ERROR]
[2018-05-10T02:08:30.384] [INFO] idea - ERROR AL CREAR LA IDEA EL USUARIO YA REGISTRO U: [coronel.cabrera.i@gmail.com] S: [ERROR]
[2018-05-10T02:08:50.584] [INFO] idea - ERROR AL CREAR LA IDEA EL USUARIO YA REGISTRO U: [coronel.cabrera.i@gmail.com] S: [ERROR]
[2018-05-10T02:08:53.086] [INFO] idea - ERROR AL CREAR LA IDEA EL USUARIO YA REGISTRO U: [coronel.cabrera.i@gmail.com] S: [ERROR]
[2018-05-10T02:08:56.068] [INFO] idea - ERROR AL CREAR LA IDEA EL USUARIO YA REGISTRO U: [coronel.cabrera.i@gmail.com] S: [ERROR]
[2018-05-10T02:09:27.389] [INFO] idea - ERROR AL CREAR LA IDEA EL USUARIO YA REGISTRO U: [coronel.cabrera.i@gmail.com] S: [ERROR]
[2018-05-10T02:09:51.192] [INFO] idea - ERROR AL CREAR LA IDEA EL USUARIO YA REGISTRO U: [coronel.cabrera.i@gmail.com] S: [ERROR]
[2018-05-10T02:10:57.004] [INFO] idea - ERROR AL CREAR LA IDEA EL USUARIO YA REGISTRO U: [coronel.cabrera.i@gmail.com] S: [ERROR]
[2018-05-10T02:12:24.211] [INFO] idea - ERROR AL CREAR LA IDEA EL USUARIO YA REGISTRO U: [coronel.cabrera.i@gmail.com] S: [ERROR]
[2018-05-10T02:14:06.178] [INFO] idea - ERROR AL CREAR LA IDEA EL USUARIO YA REGISTRO U: [coronel.cabrera.i@gmail.com] S: [ERROR]
[2018-05-10T02:15:29.538] [INFO] idea - ERROR AL CREAR LA IDEA EL USUARIO YA REGISTRO U: [coronel.cabrera.i@gmail.com] S: [ERROR]
[2018-05-10T02:16:25.775] [INFO] idea - ERROR AL CREAR LA IDEA EL USUARIO YA REGISTRO U: [coronel.cabrera.i@gmail.com] S: [ERROR]
[2018-05-10T02:27:59.668] [INFO] idea - ERROR AL CREAR LA IDEA EL USUARIO YA REGISTRO U: [coronel.cabrera.i@gmail.com] S: [ERROR]
[2018-05-10T02:29:49.240] [INFO] idea - Idea REGISTRADA EXITOSAMENTE U: [cool3000bo@gmail.com] S: [SUCCESS]
[2018-05-10T02:31:59.726] [INFO] idea - ERROR AL CREAR LA IDEA EL USUARIO YA REGISTRO U: [coronel.cabrera.i@gmail.com] S: [ERROR]
[2018-05-10T02:32:47.311] [INFO] idea - Idea REGISTRADA EXITOSAMENTE U: [coronel.cabrera.i@gmail.com] S: [SUCCESS]
[2018-05-10T02:33:07.012] [INFO] idea - ERROR AL CREAR LA IDEA EL USUARIO YA REGISTRO U: [coronel.cabrera.i@gmail.com] S: [ERROR]
[2018-05-10T02:33:40.223] [INFO] idea - ERROR AL CREAR LA IDEA EL USUARIO YA REGISTRO U: [cool3000bo@gmail.com] S: [ERROR]
[2018-05-10T02:34:37.753] [INFO] idea - Idea REGISTRADA EXITOSAMENTE U: [cool3000bo@gmail.com] S: [SUCCESS]
[2018-05-10T02:34:43.599] [INFO] idea - ERROR AL CREAR LA IDEA EL USUARIO YA REGISTRO U: [cool3000bo@gmail.com] S: [ERROR]
[2018-05-10T03:21:19.626] [INFO] idea - SE OBTIENE REGISTROS DE IDEAS CORRECTAMENTE: LOGIN U: [cool3000bo@gmail.com][SUCCESS]
[2018-05-10T03:22:11.709] [INFO] idea - SE OBTIENE REGISTROS DE IDEAS CORRECTAMENTE: LOGIN U: [cool3000bo@gmail.com][SUCCESS]
[2018-05-10T03:28:20.634] [INFO] idea - SE OBTIENE REGISTROS DE IDEAS CORRECTAMENTE: LOGIN U: [cool3000bo@gmail.com][SUCCESS]
[2018-05-10T03:30:54.713] [INFO] idea - SE OBTIENE REGISTROS DE IDEAS CORRECTAMENTE: LOGIN U: [cool3000bo@gmail.com][SUCCESS]
[2018-05-10T03:31:40.569] [INFO] idea - SE OBTIENE REGISTROS DE IDEAS CORRECTAMENTE: LOGIN U: [cool3000bo@gmail.com][SUCCESS]
[2018-05-10T03:31:56.498] [INFO] idea - SE OBTIENE REGISTROS DE IDEAS CORRECTAMENTE: LOGIN U: [cool3000bo@gmail.com][SUCCESS]
[2018-05-10T03:33:16.736] [INFO] idea - SE OBTIENE REGISTROS DE IDEAS CORRECTAMENTE: LOGIN U: [cool3000bo@gmail.com][SUCCESS]
[2018-05-10T03:34:22.721] [INFO] idea - SE OBTIENE REGISTROS DE IDEAS CORRECTAMENTE: LOGIN U: [cool3000bo@gmail.com][SUCCESS]
[2018-05-10T03:34:26.098] [INFO] idea - SE OBTIENE REGISTROS DE IDEAS CORRECTAMENTE: LOGIN U: [cool3000bo@gmail.com][SUCCESS]
[2018-05-10T03:34:39.319] [INFO] idea - SE OBTIENE REGISTROS DE IDEAS CORRECTAMENTE: LOGIN U: [cool3000bo@gmail.com][SUCCESS]
[2018-05-10T03:34:43.303] [INFO] idea - SE OBTIENE REGISTROS DE IDEAS CORRECTAMENTE: LOGIN U: [cool3000bo@gmail.com][SUCCESS]
[2018-05-10T04:07:28.457] [INFO] idea - SE OBTIENE REGISTROS DE IDEAS CORRECTAMENTE: LOGIN U: [cool3000bo@gmail.com][SUCCESS]
[2018-05-10T04:09:28.317] [INFO] idea - SE OBTIENE REGISTROS DE IDEAS CORRECTAMENTE: LOGIN U: [cool3000bo@gmail.com][SUCCESS]
[2018-05-10T04:09:48.032] [INFO] idea - SE OBTIENE REGISTROS DE IDEAS CORRECTAMENTE: LOGIN U: [cool3000bo@gmail.com][SUCCESS]
[2018-05-10T04:10:38.573] [INFO] idea - SE OBTIENE REGISTROS DE IDEAS CORRECTAMENTE: LOGIN U: [cool3000bo@gmail.com][SUCCESS]
[2018-05-10T04:11:24.497] [INFO] idea - SE OBTIENE REGISTROS DE IDEAS CORRECTAMENTE: LOGIN U: [cool3000bo@gmail.com][SUCCESS]
[2018-05-10T04:12:19.556] [INFO] idea - SE OBTIENE REGISTROS DE IDEAS CORRECTAMENTE: LOGIN U: [cool3000bo@gmail.com][SUCCESS]
[2018-05-10T04:12:48.841] [INFO] idea - SE OBTIENE REGISTROS DE IDEAS CORRECTAMENTE: LOGIN U: [cool3000bo@gmail.com][SUCCESS]
[2018-05-10T04:15:39.730] [INFO] idea - SE OBTIENE REGISTROS DE IDEAS CORRECTAMENTE: LOGIN U: [cool3000bo@gmail.com][SUCCESS]
[2018-05-10T04:16:28.688] [INFO] idea - SE OBTIENE REGISTROS DE IDEAS CORRECTAMENTE: LOGIN U: [cool3000bo@gmail.com][SUCCESS]
[2018-05-10T04:19:55.575] [INFO] idea - SE OBTIENE REGISTROS DE IDEAS CORRECTAMENTE: LOGIN U: [cool3000bo@gmail.com][SUCCESS]
[2018-05-10T04:21:20.474] [INFO] idea - SE OBTIENE REGISTROS DE IDEAS CORRECTAMENTE: LOGIN U: [cool3000bo@gmail.com][SUCCESS]
[2018-05-10T04:24:40.881] [INFO] idea - SE OBTIENE REGISTROS DE IDEAS CORRECTAMENTE: LOGIN U: [cool3000bo@gmail.com][SUCCESS]
[2018-05-10T04:25:06.611] [INFO] idea - SE OBTIENE REGISTROS DE IDEAS CORRECTAMENTE: LOGIN U: [cool3000bo@gmail.com][SUCCESS]
[2018-05-10T04:25:08.919] [INFO] idea - SE OBTIENE REGISTROS DE IDEAS CORRECTAMENTE: LOGIN U: [cool3000bo@gmail.com][SUCCESS]
[2018-05-10T04:25:10.057] [INFO] idea - SE OBTIENE REGISTROS DE IDEAS CORRECTAMENTE: LOGIN U: [cool3000bo@gmail.com][SUCCESS]
[2018-05-10T04:25:10.682] [INFO] idea - SE OBTIENE REGISTROS DE IDEAS CORRECTAMENTE: LOGIN U: [cool3000bo@gmail.com][SUCCESS]
[2018-05-10T04:25:39.831] [INFO] idea - SE OBTIENE REGISTROS DE IDEAS CORRECTAMENTE: LOGIN U: [cool3000bo@gmail.com][SUCCESS]
[2018-05-10T04:26:32.402] [INFO] idea - SE OBTIENE REGISTROS DE IDEAS CORRECTAMENTE: LOGIN U: [cool3000bo@gmail.com][SUCCESS]
[2018-05-10T04:31:01.495] [INFO] idea - SE OBTIENE REGISTROS DE IDEAS CORRECTAMENTE: LOGIN U: [cool3000bo@gmail.com][SUCCESS]
[2018-05-10T04:54:29.654] [INFO] idea - SE OBTIENE REGISTROS DE IDEAS CORRECTAMENTE: LOGIN U: [cool3000bo@gmail.com][SUCCESS]
[2018-05-10T04:57:03.518] [INFO] idea - SE OBTIENE REGISTROS DE IDEAS CORRECTAMENTE: LOGIN U: [cool3000bo@gmail.com][SUCCESS]
[2018-05-10T05:54:48.753] [INFO] idea - SE OBTIENE REGISTROS DE IDEAS CORRECTAMENTE: LOGIN U: [cool3000bo@gmail.com][SUCCESS]
[2018-05-10T05:55:29.548] [INFO] idea - SE OBTIENE REGISTROS DE IDEAS CORRECTAMENTE: LOGIN U: [cool3000bo@gmail.com][SUCCESS]
[2018-05-10T05:56:27.480] [INFO] idea - SE OBTIENE REGISTROS DE IDEAS CORRECTAMENTE: LOGIN U: [cool3000bo@gmail.com][SUCCESS]
[2018-05-10T05:57:50.678] [INFO] idea - SE OBTIENE REGISTROS DE IDEAS CORRECTAMENTE: LOGIN U: [cool3000bo@gmail.com][SUCCESS]
[2018-05-10T05:58:46.771] [INFO] idea - SE OBTIENE REGISTROS DE IDEAS CORRECTAMENTE: LOGIN U: [cool3000bo@gmail.com][SUCCESS]
[2018-05-10T06:24:20.159] [INFO] idea - ERROR AL ELIMINAR REGISTRO DE IDEA DE OTRO USUARIO: LOGIN U: [cool3000bo@gmail.com][ERROR]
[2018-05-10T06:24:34.145] [INFO] idea - REGISTRO DE IDEA ELIMINADO CORRECTAMENTE: LOGIN U: [cool3000bo@gmail.com][SUCCESS]
[2018-05-10T06:24:34.148] [INFO] idea - REGISTRO DE VOTO ELIMINADO CORRECTAMENTE: LOGIN U: [cool3000bo@gmail.com][SUCCESS]
[2018-05-10T06:40:08.380] [INFO] idea - ERROR NO EXISTE EL ID DE LA IDEA QUE DESEA ELIMINAR: LOGIN U: [cool3000bo@gmail.com][ERROR]
[2018-05-10T06:44:18.060] [INFO] idea - ERROR AL ELIMINAR REGISTRO DE IDEA DE OTRO USUARIO: LOGIN U: [cool3000bo@gmail.com][ERROR]
[2018-05-10T06:50:13.692] [INFO] idea - ERROR NO EXITE LA IDEA QUE DESEA ELIMINAR: LOGIN U: [cool3000bo@gmail.com][ERROR]
[2018-05-10T06:51:38.005] [INFO] idea - REGISTRO DE IDEA ELIMINADO CORRECTAMENTE: LOGIN U: [cool3000bo@gmail.com][SUCCESS]
[2018-05-10T06:51:38.093] [INFO] idea - REGISTRO DE VOTO ELIMINADO CORRECTAMENTE: LOGIN U: [cool3000bo@gmail.com][SUCCESS]
[2018-05-10T07:01:16.751] [INFO] idea - ERROR AL VOTAR: LOGIN U: [cool3000bo@gmail.com][ERROR]
[2018-05-10T07:02:55.874] [INFO] idea - ERROR AL VOTAR: LOGIN U: [cool3000bo@gmail.com][ERROR]
[2018-05-10T07:03:28.008] [INFO] idea - ERROR AL VOTAR: LOGIN U: [cool3000bo@gmail.com][ERROR]
[2018-05-10T07:04:32.299] [INFO] idea - REGISTRO LA VOTACION CORRECTAMENTE: LOGIN U: [cool3000bo@gmail.com][SUCCESS]
[2018-05-10T17:29:54.441] [INFO] idea - REGISTRO LA VOTACION CORRECTAMENTE: LOGIN U: [cool3000bo@gmail.com][SUCCESS]
[2018-05-10T17:30:38.744] [INFO] idea - REGISTRO LA VOTACION CORRECTAMENTE: LOGIN U: [cool3000bo@gmail.com][SUCCESS]
[2018-05-10T17:30:44.222] [INFO] idea - REGISTRO LA VOTACION CORRECTAMENTE: LOGIN U: [cool3000bo@gmail.com][SUCCESS]
[2018-05-10T17:33:33.427] [INFO] idea - REGISTRO LA VOTACION CORRECTAMENTE: LOGIN U: [cool3000bo@gmail.com][SUCCESS]
[2018-05-10T17:35:42.418] [INFO] idea - REGISTRO LA VOTACION CORRECTAMENTE: LOGIN U: [cool3000bo@gmail.com][SUCCESS]
[2018-05-10T17:37:40.138] [INFO] idea - REGISTRO LA VOTACION CORRECTAMENTE: LOGIN U: [cool3000bo@gmail.com][SUCCESS]
[2018-05-10T17:39:17.094] [INFO] idea - REGISTRO LA VOTACION CORRECTAMENTE: LOGIN U: [cool3000bo@gmail.com][SUCCESS]
[2018-05-10T17:48:44.366] [INFO] idea - REGISTRO LA VOTACION CORRECTAMENTE: LOGIN U: [cool3000bo@gmail.com][SUCCESS]
[2018-05-10T17:49:40.737] [INFO] idea - REGISTRO LA VOTACION CORRECTAMENTE: LOGIN U: [cool3000bo@gmail.com][SUCCESS]
[2018-05-10T17:53:34.936] [INFO] idea - REGISTRO LA VOTACION CORRECTAMENTE: LOGIN U: [cool3000bo@gmail.com][SUCCESS]
[2018-05-10T17:55:29.999] [INFO] idea - REGISTRO LA VOTACION CORRECTAMENTE: LOGIN U: [cool3000bo@gmail.com][SUCCESS]
[2018-05-10T17:56:34.675] [INFO] idea - REGISTRO LA VOTACION CORRECTAMENTE: LOGIN U: [cool3000bo@gmail.com][SUCCESS]
[2018-05-10T18:01:27.446] [INFO] idea - REGISTRO LA VOTACION CORRECTAMENTE: LOGIN U: [cool3000bo@gmail.com][SUCCESS]
[2018-05-10T18:03:07.379] [INFO] idea - REGISTRO LA VOTACION CORRECTAMENTE: LOGIN U: [cool3000bo@gmail.com][SUCCESS]
[2018-05-10T18:03:35.436] [INFO] idea - REGISTRO LA VOTACION CORRECTAMENTE: LOGIN U: [cool3000bo@gmail.com][SUCCESS]
[2018-05-10T18:04:33.208] [INFO] idea - REGISTRO LA VOTACION CORRECTAMENTE: LOGIN U: [cool3000bo@gmail.com][SUCCESS]
[2018-05-10T20:42:03.007] [INFO] idea - SE OBTIENE REGISTROS DE IDEAS CORRECTAMENTE: LOGIN U: [cool3000bo@gmail.com][SUCCESS]
[2018-05-10T20:45:11.692] [INFO] idea - IDEA REGISTRADA EXITOSAMENTE U: [cool3000bo@gmail.com] S: [SUCCESS]
[2018-05-10T20:46:40.888] [INFO] idea - IDEA REGISTRADA EXITOSAMENTE U: [cool3000bo@gmail.com] S: [SUCCESS]
[2018-05-10T20:55:42.276] [INFO] idea - REGISTRO LA VOTACION CORRECTAMENTE: LOGIN U: [cool3000bo@gmail.com][SUCCESS]
[2018-05-11T20:44:46.629] [INFO] idea - ERROR AL CREAR LA IDEA U: [cool3000bo@gmail.com] S: [ERROR]
[2018-05-11T20:48:10.174] [INFO] idea - IDEA REGISTRADA EXITOSAMENTE U: [cool3000bo@gmail.com] S: [SUCCESS]
